[2022-06-27T22:07:09.670Z] Log level: Info
[2022-06-27T22:07:09.671Z] [info] Validating found git in: git
[2022-06-27T22:07:09.682Z] [info] Using git 2.36.1 from git
[2022-06-27T22:07:09.697Z] > git rev-parse --show-toplevel [4ms]
[2022-06-27T22:07:09.706Z] > git rev-parse --git-dir --git-common-dir [1ms]
[2022-06-27T22:07:09.712Z] [info] Open repository: /home/joaodev/myworkout
[2022-06-27T22:07:09.725Z] > git status -z -uall [6ms]
[2022-06-27T22:07:09.732Z] > git symbolic-ref --short HEAD [2ms]
[2022-06-27T22:07:09.947Z] > git for-each-ref --format=%(refname)%00%(upstream:short)%00%(objectname)%00%(upstream:track)%00%(upstream:remotename)%00%(upstream:remoteref) refs/heads/dev refs/remotes/dev [210ms]
[2022-06-27T22:07:09.962Z] > git remote --verbose [3ms]
[2022-06-27T22:07:09.963Z] > git for-each-ref --sort -committerdate --format %(refname) %(objectname) %(*objectname) [11ms]
[2022-06-27T22:07:09.974Z] > git config --get commit.template [2ms]
[2022-06-27T22:07:10.011Z] > git show --textconv :web/src/index.css [7ms]
[2022-06-27T22:07:10.011Z] > git ls-files --stage -- /home/joaodev/myworkout/web/src/index.css [2ms]
[2022-06-27T22:07:10.017Z] > git cat-file -s ec2585e8c0bb8188184ed1e0703c4c8f2a8419b0 [2ms]
[2022-06-27T22:07:10.419Z] > git check-ignore -v -z --stdin [2ms]
[2022-06-27T22:07:21.912Z] > git show --textconv :web/src/App.test.js [6ms]
[2022-06-27T22:07:21.913Z] > git ls-files --stage -- /home/joaodev/myworkout/web/src/App.test.js [1ms]
[2022-06-27T22:07:21.921Z] > git cat-file -s 1f03afeece5ac28064fa3c73a29215037465f789 [2ms]
[2022-06-27T22:07:22.329Z] > git show --textconv :web/src/App.js [9ms]
[2022-06-27T22:07:22.330Z] > git ls-files --stage -- /home/joaodev/myworkout/web/src/App.js [2ms]
[2022-06-27T22:07:22.339Z] > git cat-file -s 84f957323937a601ae612eda29fe936122352fe3 [2ms]
[2022-06-27T22:07:26.062Z] > git show --textconv :web/src/App.test.js [8ms]
[2022-06-27T22:07:26.063Z] > git ls-files --stage -- /home/joaodev/myworkout/web/src/App.test.js [2ms]
[2022-06-27T22:07:26.072Z] > git cat-file -s 1f03afeece5ac28064fa3c73a29215037465f789 [1ms]
[2022-06-27T22:07:30.221Z] > git show --textconv :web/src/App.js [6ms]
[2022-06-27T22:07:30.222Z] > git ls-files --stage -- /home/joaodev/myworkout/web/src/App.js [1ms]
[2022-06-27T22:07:30.227Z] > git cat-file -s 84f957323937a601ae612eda29fe936122352fe3 [1ms]
[2022-06-27T22:07:31.122Z] > git show --textconv :web/src/App.test.js [9ms]
[2022-06-27T22:07:31.123Z] > git ls-files --stage -- /home/joaodev/myworkout/web/src/App.test.js [2ms]
[2022-06-27T22:07:31.129Z] > git cat-file -s 1f03afeece5ac28064fa3c73a29215037465f789 [1ms]
[2022-06-27T22:07:31.460Z] > git show --textconv :web/src/index.css [8ms]
[2022-06-27T22:07:31.460Z] > git ls-files --stage -- /home/joaodev/myworkout/web/src/index.css [1ms]
[2022-06-27T22:07:31.468Z] > git cat-file -s ec2585e8c0bb8188184ed1e0703c4c8f2a8419b0 [2ms]
[2022-06-27T22:07:32.143Z] > git show --textconv :web/src/index.js [8ms]
[2022-06-27T22:07:32.144Z] > git ls-files --stage -- /home/joaodev/myworkout/web/src/index.js [2ms]
[2022-06-27T22:07:32.152Z] > git cat-file -s d563c0fb10ba0e42724b21286eb546ee4e5734fc [3ms]
[2022-06-27T22:07:44.721Z] > git show --textconv :web/src/routes.js [8ms]
[2022-06-27T22:07:44.722Z] > git ls-files --stage -- /home/joaodev/myworkout/web/src/routes.js [2ms]
[2022-06-27T22:07:44.728Z] > git cat-file -s f82527f0c415bdde6364cdb85710cb7ac33f8259 [1ms]
[2022-06-27T22:08:25.957Z] > git show --textconv :web/src/reportWebVitals.js [4ms]
[2022-06-27T22:08:25.957Z] > git ls-files --stage -- /home/joaodev/myworkout/web/src/reportWebVitals.js [1ms]
[2022-06-27T22:08:25.962Z] > git cat-file -s 5253d3ad9e6be6690549cb255f5952337b02401d [1ms]
[2022-06-27T22:08:29.603Z] > git show --textconv :web/src/index.js [7ms]
[2022-06-27T22:08:29.604Z] > git ls-files --stage -- /home/joaodev/myworkout/web/src/index.js [1ms]
[2022-06-27T22:08:29.610Z] > git cat-file -s d563c0fb10ba0e42724b21286eb546ee4e5734fc [1ms]
