[2022-06-25T23:10:04.686Z] Log level: Info
[2022-06-25T23:10:04.687Z] [info] Validating found git in: git
[2022-06-25T23:10:04.697Z] [info] Using git 2.36.1 from git
[2022-06-25T23:10:04.714Z] > git rev-parse --show-toplevel [4ms]
[2022-06-25T23:10:04.869Z] > git rev-parse --git-dir --git-common-dir [147ms]
[2022-06-25T23:10:04.876Z] [info] Open repository: /home/joaodev/myworkout
[2022-06-25T23:10:04.889Z] > git status -z -uall [5ms]
[2022-06-25T23:10:04.896Z] > git symbolic-ref --short HEAD [1ms]
[2022-06-25T23:10:04.906Z] > git for-each-ref --format=%(refname)%00%(upstream:short)%00%(objectname)%00%(upstream:track)%00%(upstream:remotename)%00%(upstream:remoteref) refs/heads/master refs/remotes/master [2ms]
[2022-06-25T23:10:04.927Z] > git remote --verbose [2ms]
[2022-06-25T23:10:04.928Z] > git for-each-ref --sort -committerdate --format %(refname) %(objectname) %(*objectname) [13ms]
[2022-06-25T23:10:04.987Z] > git config --get commit.template [7ms]
[2022-06-25T23:10:05.397Z] > git check-ignore -v -z --stdin [3ms]
[2022-06-25T23:10:06.933Z] > git check-ignore -v -z --stdin [1ms]
[2022-06-25T23:10:08.965Z] > git check-ignore -v -z --stdin [1ms]
[2022-06-25T23:10:09.834Z] > git show --textconv :web/src/logo.svg [7ms]
[2022-06-25T23:10:09.836Z] > git ls-files --stage -- /home/joaodev/myworkout/web/src/logo.svg [2ms]
[2022-06-25T23:10:09.842Z] > git cat-file -s 9dfc1c058cebbef8b891c5062be6f31033d7d186 [1ms]
[2022-06-25T23:10:12.768Z] > git status -z -uall [7ms]
[2022-06-25T23:10:12.776Z] > git symbolic-ref --short HEAD [1ms]
[2022-06-25T23:10:12.783Z] > git for-each-ref --format=%(refname)%00%(upstream:short)%00%(objectname)%00%(upstream:track)%00%(upstream:remotename)%00%(upstream:remoteref) refs/heads/master refs/remotes/master [2ms]
[2022-06-25T23:10:12.795Z] > git for-each-ref --sort -committerdate --format %(refname) %(objectname) %(*objectname) [8ms]
[2022-06-25T23:10:12.795Z] > git remote --verbose [1ms]
[2022-06-25T23:10:12.805Z] > git config --get commit.template [0ms]
[2022-06-25T23:10:13.192Z] > git show --textconv :web/src/App.js [9ms]
[2022-06-25T23:10:13.193Z] > git ls-files --stage -- /home/joaodev/myworkout/web/src/App.js [2ms]
[2022-06-25T23:10:13.202Z] > git cat-file -s 37845757234ccb68531c10cf7a2ffc589c47e342 [2ms]
[2022-06-25T23:10:18.397Z] > git show --textconv :web/src/App.css [8ms]
[2022-06-25T23:10:18.399Z] > git ls-files --stage -- /home/joaodev/myworkout/web/src/App.css [3ms]
[2022-06-25T23:10:18.406Z] > git cat-file -s 74b5e053450a48a6bdb4d71aad648e7af821975c [1ms]
[2022-06-25T23:10:20.937Z] > git show --textconv :web/src/App.js [10ms]
[2022-06-25T23:10:20.937Z] > git ls-files --stage -- /home/joaodev/myworkout/web/src/App.js [1ms]
[2022-06-25T23:10:20.944Z] > git cat-file -s 37845757234ccb68531c10cf7a2ffc589c47e342 [2ms]
[2022-06-25T23:10:21.746Z] > git status -z -uall [6ms]
[2022-06-25T23:10:21.756Z] > git symbolic-ref --short HEAD [2ms]
[2022-06-25T23:10:21.762Z] > git for-each-ref --format=%(refname)%00%(upstream:short)%00%(objectname)%00%(upstream:track)%00%(upstream:remotename)%00%(upstream:remoteref) refs/heads/master refs/remotes/master [1ms]
[2022-06-25T23:10:21.774Z] > git for-each-ref --sort -committerdate --format %(refname) %(objectname) %(*objectname) [6ms]
[2022-06-25T23:10:21.774Z] > git remote --verbose [1ms]
[2022-06-25T23:10:21.785Z] > git config --get commit.template [2ms]
[2022-06-25T23:10:32.166Z] > git show --textconv :web/src/App.test.js [7ms]
[2022-06-25T23:10:32.166Z] > git ls-files --stage -- /home/joaodev/myworkout/web/src/App.test.js [1ms]
[2022-06-25T23:10:32.171Z] > git cat-file -s 1f03afeece5ac28064fa3c73a29215037465f789 [1ms]
[2022-06-25T23:10:33.201Z] > git show --textconv :web/src/index.css [5ms]
[2022-06-25T23:10:33.202Z] > git ls-files --stage -- /home/joaodev/myworkout/web/src/index.css [1ms]
[2022-06-25T23:10:33.206Z] > git cat-file -s ec2585e8c0bb8188184ed1e0703c4c8f2a8419b0 [0ms]
[2022-06-25T23:10:34.133Z] > git status -z -uall [14ms]
[2022-06-25T23:10:34.140Z] > git symbolic-ref --short HEAD [1ms]
[2022-06-25T23:10:34.148Z] > git for-each-ref --format=%(refname)%00%(upstream:short)%00%(objectname)%00%(upstream:track)%00%(upstream:remotename)%00%(upstream:remoteref) refs/heads/master refs/remotes/master [0ms]
[2022-06-25T23:10:34.176Z] > git remote --verbose [6ms]
[2022-06-25T23:10:34.176Z] > git for-each-ref --sort -committerdate --format %(refname) %(objectname) %(*objectname) [18ms]
[2022-06-25T23:10:34.191Z] > git config --get commit.template [2ms]
[2022-06-25T23:10:34.499Z] > git show --textconv :web/src/App.test.js [6ms]
[2022-06-25T23:10:34.500Z] > git ls-files --stage -- /home/joaodev/myworkout/web/src/App.test.js [1ms]
[2022-06-25T23:10:34.507Z] > git cat-file -s 1f03afeece5ac28064fa3c73a29215037465f789 [1ms]
[2022-06-25T23:10:52.871Z] > git status -z -uall [5ms]
[2022-06-25T23:10:52.879Z] > git symbolic-ref --short HEAD [1ms]
[2022-06-25T23:10:52.888Z] > git for-each-ref --format=%(refname)%00%(upstream:short)%00%(objectname)%00%(upstream:track)%00%(upstream:remotename)%00%(upstream:remoteref) refs/heads/master refs/remotes/master [1ms]
[2022-06-25T23:10:52.905Z] > git remote --verbose [2ms]
[2022-06-25T23:10:52.905Z] > git for-each-ref --sort -committerdate --format %(refname) %(objectname) %(*objectname) [9ms]
[2022-06-25T23:10:52.926Z] > git config --get commit.template [10ms]
[2022-06-25T23:10:52.928Z] > git check-ignore -v -z --stdin [4ms]
[2022-06-25T23:11:00.553Z] > git show --textconv :package-lock.json [7ms]
[2022-06-25T23:11:00.554Z] > git ls-files --stage -- /home/joaodev/myworkout/package-lock.json [2ms]
[2022-06-25T23:11:01.639Z] > git show --textconv :web/src/App.test.js [5ms]
[2022-06-25T23:11:01.640Z] > git ls-files --stage -- /home/joaodev/myworkout/web/src/App.test.js [1ms]
[2022-06-25T23:11:01.646Z] > git cat-file -s 1f03afeece5ac28064fa3c73a29215037465f789 [1ms]
[2022-06-25T23:11:02.456Z] > git status -z -uall [5ms]
[2022-06-25T23:11:02.463Z] > git symbolic-ref --short HEAD [1ms]
[2022-06-25T23:11:02.471Z] > git for-each-ref --format=%(refname)%00%(upstream:short)%00%(objectname)%00%(upstream:track)%00%(upstream:remotename)%00%(upstream:remoteref) refs/heads/master refs/remotes/master [2ms]
[2022-06-25T23:11:02.484Z] > git for-each-ref --sort -committerdate --format %(refname) %(objectname) %(*objectname) [7ms]
[2022-06-25T23:11:02.485Z] > git remote --verbose [2ms]
[2022-06-25T23:11:02.493Z] > git config --get commit.template [1ms]
[2022-06-25T23:11:12.920Z] > git status -z -uall [7ms]
[2022-06-25T23:11:12.935Z] > git symbolic-ref --short HEAD [8ms]
[2022-06-25T23:11:12.942Z] > git check-ignore -v -z --stdin [8ms]
[2022-06-25T23:11:12.943Z] > git for-each-ref --format=%(refname)%00%(upstream:short)%00%(objectname)%00%(upstream:track)%00%(upstream:remotename)%00%(upstream:remoteref) refs/heads/master refs/remotes/master [2ms]
[2022-06-25T23:11:12.957Z] > git for-each-ref --sort -committerdate --format %(refname) %(objectname) %(*objectname) [7ms]
[2022-06-25T23:11:12.958Z] > git remote --verbose [2ms]
[2022-06-25T23:11:12.966Z] > git config --get commit.template [1ms]
[2022-06-25T23:11:20.893Z] > git status -z -uall [7ms]
[2022-06-25T23:11:20.900Z] > git symbolic-ref --short HEAD [1ms]
[2022-06-25T23:11:20.906Z] > git for-each-ref --format=%(refname)%00%(upstream:short)%00%(objectname)%00%(upstream:track)%00%(upstream:remotename)%00%(upstream:remoteref) refs/heads/master refs/remotes/master [1ms]
[2022-06-25T23:11:20.921Z] > git for-each-ref --sort -committerdate --format %(refname) %(objectname) %(*objectname) [7ms]
[2022-06-25T23:11:20.921Z] > git remote --verbose [1ms]
[2022-06-25T23:11:20.929Z] > git config --get commit.template [0ms]
[2022-06-25T23:13:27.232Z] > git status -z -uall [11ms]
[2022-06-25T23:13:27.240Z] > git symbolic-ref --short HEAD [2ms]
[2022-06-25T23:13:27.247Z] > git for-each-ref --format=%(refname)%00%(upstream:short)%00%(objectname)%00%(upstream:track)%00%(upstream:remotename)%00%(upstream:remoteref) refs/heads/dev refs/remotes/dev [2ms]
[2022-06-25T23:13:27.258Z] > git for-each-ref --sort -committerdate --format %(refname) %(objectname) %(*objectname) [6ms]
[2022-06-25T23:13:27.259Z] > git remote --verbose [2ms]
[2022-06-25T23:13:27.267Z] > git config --get commit.template [1ms]
[2022-06-25T23:13:27.324Z] > git ls-files --stage -- /home/joaodev/myworkout/web/src/App.test.js [0ms]
[2022-06-25T23:13:27.332Z] > git cat-file -s 1f03afeece5ac28064fa3c73a29215037465f789 [2ms]
[2022-06-25T23:13:27.344Z] > git show --textconv :web/src/App.test.js [3ms]
[2022-06-25T23:14:00.375Z] > git status -z -uall [1ms]
[2022-06-25T23:14:00.383Z] > git symbolic-ref --short HEAD [1ms]
[2022-06-25T23:14:00.389Z] > git for-each-ref --format=%(refname)%00%(upstream:short)%00%(objectname)%00%(upstream:track)%00%(upstream:remotename)%00%(upstream:remoteref) refs/heads/dev refs/remotes/dev [1ms]
[2022-06-25T23:14:00.403Z] > git for-each-ref --sort -committerdate --format %(refname) %(objectname) %(*objectname) [7ms]
[2022-06-25T23:14:00.403Z] > git remote --verbose [1ms]
[2022-06-25T23:14:00.411Z] > git config --get commit.template [1ms]
[2022-06-25T23:14:00.481Z] > git ls-files --stage -- /home/joaodev/myworkout/web/src/App.test.js [1ms]
[2022-06-25T23:14:00.488Z] > git cat-file -s 1f03afeece5ac28064fa3c73a29215037465f789 [1ms]
[2022-06-25T23:14:00.501Z] > git show --textconv :web/src/App.test.js [2ms]
[2022-06-25T23:14:12.770Z] > git status -z -uall [1ms]
[2022-06-25T23:14:12.777Z] > git symbolic-ref --short HEAD [2ms]
[2022-06-25T23:14:12.785Z] > git for-each-ref --format=%(refname)%00%(upstream:short)%00%(objectname)%00%(upstream:track)%00%(upstream:remotename)%00%(upstream:remoteref) refs/heads/dev refs/remotes/dev [2ms]
[2022-06-25T23:14:12.798Z] > git for-each-ref --sort -committerdate --format %(refname) %(objectname) %(*objectname) [6ms]
[2022-06-25T23:14:12.799Z] > git remote --verbose [1ms]
[2022-06-25T23:14:12.806Z] > git config --get commit.template [1ms]
[2022-06-25T23:14:12.874Z] > git ls-files --stage -- /home/joaodev/myworkout/web/src/App.test.js [2ms]
[2022-06-25T23:14:12.883Z] > git cat-file -s 1f03afeece5ac28064fa3c73a29215037465f789 [2ms]
[2022-06-25T23:14:12.892Z] > git show --textconv :web/src/App.test.js [1ms]
[2022-06-25T23:14:17.597Z] > git ls-files --stage -- /home/joaodev/myworkout/web/src/App.test.js [2ms]
[2022-06-25T23:14:17.606Z] > git cat-file -s 1f03afeece5ac28064fa3c73a29215037465f789 [2ms]
[2022-06-25T23:14:17.618Z] > git show --textconv :web/src/App.test.js [2ms]
[2022-06-25T23:14:17.815Z] > git status -z -uall [1ms]
[2022-06-25T23:14:17.823Z] > git symbolic-ref --short HEAD [1ms]
[2022-06-25T23:14:17.830Z] > git for-each-ref --format=%(refname)%00%(upstream:short)%00%(objectname)%00%(upstream:track)%00%(upstream:remotename)%00%(upstream:remoteref) refs/heads/dev refs/remotes/dev [1ms]
[2022-06-25T23:14:17.843Z] > git for-each-ref --sort -committerdate --format %(refname) %(objectname) %(*objectname) [8ms]
[2022-06-25T23:14:17.844Z] > git remote --verbose [1ms]
[2022-06-25T23:14:17.855Z] > git config --get commit.template [1ms]
[2022-06-25T23:14:54.205Z] > git status -z -uall [1ms]
[2022-06-25T23:14:54.214Z] > git symbolic-ref --short HEAD [2ms]
[2022-06-25T23:14:54.226Z] > git for-each-ref --format=%(refname)%00%(upstream:short)%00%(objectname)%00%(upstream:track)%00%(upstream:remotename)%00%(upstream:remoteref) refs/heads/dev refs/remotes/dev [2ms]
[2022-06-25T23:14:54.242Z] > git for-each-ref --sort -committerdate --format %(refname) %(objectname) %(*objectname) [7ms]
[2022-06-25T23:14:54.243Z] > git remote --verbose [1ms]
[2022-06-25T23:14:54.250Z] > git config --get commit.template [0ms]
[2022-06-25T23:14:54.310Z] > git ls-files --stage -- /home/joaodev/myworkout/web/src/App.test.js [1ms]
[2022-06-25T23:14:54.316Z] > git cat-file -s 1f03afeece5ac28064fa3c73a29215037465f789 [1ms]
[2022-06-25T23:14:54.330Z] > git show --textconv :web/src/App.test.js [1ms]
[2022-06-26T05:45:26.774Z] > git show --textconv :web/src/index.css [6ms]
[2022-06-26T05:45:26.775Z] > git ls-files --stage -- /home/joaodev/myworkout/web/src/index.css [1ms]
[2022-06-26T05:45:26.781Z] > git cat-file -s ec2585e8c0bb8188184ed1e0703c4c8f2a8419b0 [1ms]
