[2022-06-27 19:06:51.518] [exthost] [info] Extension host with pid 6200 started
[2022-06-27 19:06:51.587] [exthost] [info] ExtensionService#_doActivateExtension vscode.debug-auto-launch, startup: true, activationEvent: '*'
[2022-06-27 19:06:51.590] [exthost] [info] ExtensionService#_doActivateExtension vscode.git-base, startup: true, activationEvent: '*', root cause: vscode.git
[2022-06-27 19:06:51.593] [exthost] [info] ExtensionService#_doActivateExtension vscode.ipynb, startup: true, activationEvent: '*'
[2022-06-27 19:06:51.607] [exthost] [info] ExtensionService#_doActivateExtension vscode.git, startup: true, activationEvent: '*'
[2022-06-27 19:06:51.621] [exthost] [info] ExtensionService#_doActivateExtension vscode.github, startup: true, activationEvent: '*'
[2022-06-27 19:06:51.641] [exthost] [info] Eager extensions activated
[2022-06-27 19:06:51.649] [exthost] [info] ExtensionService#_doActivateExtension vscode.emmet, startup: false, activationEvent: 'onStartupFinished'
[2022-06-27 19:06:51.653] [exthost] [info] ExtensionService#_doActivateExtension vscode.merge-conflict, startup: false, activationEvent: 'onStartupFinished'
[2022-06-27 19:06:51.655] [exthost] [info] ExtensionService#_doActivateExtension esbenp.prettier-vscode, startup: false, activationEvent: 'onStartupFinished'
[2022-06-27 19:06:51.684] [exthost] [info] ExtensionService#_doActivateExtension PKief.material-icon-theme, startup: false, activationEvent: 'onStartupFinished'
[2022-06-27 19:06:51.694] [exthost] [info] ExtensionService#_doActivateExtension ritwickdey.LiveServer, startup: false, activationEvent: 'onStartupFinished'
[2022-06-27 19:07:07.044] [exthost] [info] Extension host terminating: received terminate message from renderer
[2022-06-27 19:07:07.066] [exthost] [info] Extension host with pid 6200 exiting with code 0
[2022-06-27 19:07:09.301] [exthost] [info] Extension host with pid 6813 started
[2022-06-27 19:07:09.301] [exthost] [info] Skipping acquiring lock for /home/joaodev/.config/Code - OSS/User/workspaceStorage/59b2d7dbea119729aaa0e0929f4dd063.
[2022-06-27 19:07:09.426] [exthost] [info] ExtensionService#_doActivateExtension vscode.css-language-features, startup: false, activationEvent: 'onLanguage:css'
[2022-06-27 19:07:09.450] [exthost] [info] ExtensionService#_doActivateExtension vscode.typescript-language-features, startup: false, activationEvent: 'onLanguage:javascript'
[2022-06-27 19:07:09.465] [exthost] [info] ExtensionService#_doActivateExtension vscode.debug-auto-launch, startup: true, activationEvent: '*'
[2022-06-27 19:07:09.468] [exthost] [info] ExtensionService#_doActivateExtension vscode.git-base, startup: true, activationEvent: '*', root cause: vscode.git
[2022-06-27 19:07:09.470] [exthost] [info] ExtensionService#_doActivateExtension vscode.ipynb, startup: true, activationEvent: '*'
[2022-06-27 19:07:09.599] [exthost] [info] ExtensionService#_doActivateExtension vscode.git, startup: true, activationEvent: '*'
[2022-06-27 19:07:09.617] [exthost] [info] ExtensionService#_doActivateExtension vscode.github, startup: true, activationEvent: '*'
[2022-06-27 19:07:09.695] [exthost] [info] Eager extensions activated
[2022-06-27 19:07:09.750] [exthost] [info] ExtensionService#_doActivateExtension vscode.emmet, startup: false, activationEvent: 'onStartupFinished'
[2022-06-27 19:07:09.756] [exthost] [info] ExtensionService#_doActivateExtension vscode.merge-conflict, startup: false, activationEvent: 'onStartupFinished'
[2022-06-27 19:07:09.758] [exthost] [info] ExtensionService#_doActivateExtension esbenp.prettier-vscode, startup: false, activationEvent: 'onStartupFinished'
[2022-06-27 19:07:09.801] [exthost] [info] ExtensionService#_doActivateExtension PKief.material-icon-theme, startup: false, activationEvent: 'onStartupFinished'
[2022-06-27 19:07:09.812] [exthost] [info] ExtensionService#_doActivateExtension ritwickdey.LiveServer, startup: false, activationEvent: 'onStartupFinished'
[2022-06-27 20:17:15.529] [exthost] [info] Extension host terminating: received terminate message from renderer
[2022-06-27 20:17:15.567] [exthost] [error] Error: read ECONNRESET
	at Pipe.onStreamRead (node:internal/stream_base_commons:220:20)
[2022-06-27 20:17:15.568] [exthost] [info] Extension host with pid 6813 exiting with code 0
[2022-06-27 20:17:17.663] [exthost] [info] Extension host with pid 137907 started
[2022-06-27 20:17:17.663] [exthost] [info] Skipping acquiring lock for /home/joaodev/.config/Code - OSS/User/workspaceStorage/43e3e0d2ebcd291871127ad111db652a.
[2022-06-27 20:17:17.729] [exthost] [info] ExtensionService#_doActivateExtension vscode.typescript-language-features, startup: false, activationEvent: 'onLanguage:javascript'
[2022-06-27 20:17:17.737] [exthost] [info] ExtensionService#_doActivateExtension vscode.debug-auto-launch, startup: true, activationEvent: '*'
[2022-06-27 20:17:17.739] [exthost] [info] ExtensionService#_doActivateExtension vscode.git-base, startup: true, activationEvent: '*', root cause: vscode.git
[2022-06-27 20:17:17.741] [exthost] [info] ExtensionService#_doActivateExtension vscode.ipynb, startup: true, activationEvent: '*'
[2022-06-27 20:17:18.166] [exthost] [info] ExtensionService#_doActivateExtension vscode.git, startup: true, activationEvent: '*'
[2022-06-27 20:17:18.182] [exthost] [info] ExtensionService#_doActivateExtension vscode.github, startup: true, activationEvent: '*'
[2022-06-27 20:17:18.279] [exthost] [info] Eager extensions activated
[2022-06-27 20:17:18.700] [exthost] [info] ExtensionService#_doActivateExtension vscode.emmet, startup: false, activationEvent: 'onStartupFinished'
[2022-06-27 20:17:18.707] [exthost] [info] ExtensionService#_doActivateExtension vscode.merge-conflict, startup: false, activationEvent: 'onStartupFinished'
[2022-06-27 20:17:18.710] [exthost] [info] ExtensionService#_doActivateExtension esbenp.prettier-vscode, startup: false, activationEvent: 'onStartupFinished'
[2022-06-27 20:17:18.771] [exthost] [info] ExtensionService#_doActivateExtension PKief.material-icon-theme, startup: false, activationEvent: 'onStartupFinished'
[2022-06-27 20:17:18.787] [exthost] [info] ExtensionService#_doActivateExtension ritwickdey.LiveServer, startup: false, activationEvent: 'onStartupFinished'
[2022-06-27 22:20:18.745] [exthost] [info] Extension host terminating: received terminate message from renderer
[2022-06-27 22:20:18.765] [exthost] [info] Extension host with pid 137907 exiting with code 0
